# This is the CMakeCache file.
# For build in directory: /mnt/e/My_personal/Projects/ongoing/Stock_Exchange_Engine/backend/build
# It was generated by CMake: /usr/bin/cmake
# You can edit this file to change values found and used by cmake.
# If you do not want to change any of the values, simply exit the editor.
# If you do want to change a value, simply edit, save, and exit the editor.
# The syntax for the file is as follows:
# KEY:TYPE=VALUE
# KEY is the name of a variable in the cache.
# TYPE is a hint to GUIs for the type of VALUE, DO NOT EDIT TYPE!.
# VALUE is the current value for the KEY.

########################
# EXTERNAL cache entries
########################

//Path to a file.
ASIO_INCLUDE_DIR:PATH=/usr/include

//Path to a file.
ASIO_VERSION_HPP:FILEPATH=/usr/include/asio/version.hpp

//The directory containing a CMake configuration file for Boost.
Boost_DIR:PATH=/usr/lib/x86_64-linux-gnu/cmake/Boost-1.83.0

//Path to a file.
Boost_INCLUDE_DIR:PATH=/usr/include

Boost_SYSTEM_LIBRARY_RELEASE:STRING=/usr/lib/x86_64-linux-gnu/libboost_system.so.1.83.0

Boost_THREAD_LIBRARY_RELEASE:STRING=/usr/lib/x86_64-linux-gnu/libboost_thread.so.1.83.0

//Path to a program.
CMAKE_ADDR2LINE:FILEPATH=/usr/bin/addr2line

//Path to a program.
CMAKE_AR:FILEPATH=/usr/bin/ar

//No help, variable specified on the command line.
CMAKE_BUILD_TYPE:STRING=Debug

//Enable/Disable color output during build.
CMAKE_COLOR_MAKEFILE:BOOL=ON

//CXX compiler
CMAKE_CXX_COMPILER:STRING=/usr/bin/g++

//A wrapper around 'ar' adding the appropriate '--plugin' option
// for the GCC compiler
CMAKE_CXX_COMPILER_AR:FILEPATH=/usr/bin/gcc-ar-13

//A wrapper around 'ranlib' adding the appropriate '--plugin' option
// for the GCC compiler
CMAKE_CXX_COMPILER_RANLIB:FILEPATH=/usr/bin/gcc-ranlib-13

//Flags used by the CXX compiler during all build types.
CMAKE_CXX_FLAGS:STRING=

//Flags used by the CXX compiler during DEBUG builds.
CMAKE_CXX_FLAGS_DEBUG:STRING=-g

//Flags used by the CXX compiler during MINSIZEREL builds.
CMAKE_CXX_FLAGS_MINSIZEREL:STRING=-Os -DNDEBUG

//Flags used by the CXX compiler during RELEASE builds.
CMAKE_CXX_FLAGS_RELEASE:STRING=-O3 -DNDEBUG

//Flags used by the CXX compiler during RELWITHDEBINFO builds.
CMAKE_CXX_FLAGS_RELWITHDEBINFO:STRING=-O2 -g -DNDEBUG

//C compiler
CMAKE_C_COMPILER:STRING=/usr/bin/gcc

//A wrapper around 'ar' adding the appropriate '--plugin' option
// for the GCC compiler
CMAKE_C_COMPILER_AR:FILEPATH=/usr/bin/gcc-ar-13

//A wrapper around 'ranlib' adding the appropriate '--plugin' option
// for the GCC compiler
CMAKE_C_COMPILER_RANLIB:FILEPATH=/usr/bin/gcc-ranlib-13

//Flags used by the C compiler during all build types.
CMAKE_C_FLAGS:STRING=

//Flags used by the C compiler during DEBUG builds.
CMAKE_C_FLAGS_DEBUG:STRING=-g

//Flags used by the C compiler during MINSIZEREL builds.
CMAKE_C_FLAGS_MINSIZEREL:STRING=-Os -DNDEBUG

//Flags used by the C compiler during RELEASE builds.
CMAKE_C_FLAGS_RELEASE:STRING=-O3 -DNDEBUG

//Flags used by the C compiler during RELWITHDEBINFO builds.
CMAKE_C_FLAGS_RELWITHDEBINFO:STRING=-O2 -g -DNDEBUG

//Path to a program.
CMAKE_DLLTOOL:FILEPATH=CMAKE_DLLTOOL-NOTFOUND

//Flags used by the linker during all build types.
CMAKE_EXE_LINKER_FLAGS:STRING=

//Flags used by the linker during DEBUG builds.
CMAKE_EXE_LINKER_FLAGS_DEBUG:STRING=

//Flags used by the linker during MINSIZEREL builds.
CMAKE_EXE_LINKER_FLAGS_MINSIZEREL:STRING=

//Flags used by the linker during RELEASE builds.
CMAKE_EXE_LINKER_FLAGS_RELEASE:STRING=

//Flags used by the linker during RELWITHDEBINFO builds.
CMAKE_EXE_LINKER_FLAGS_RELWITHDEBINFO:STRING=

//No help, variable specified on the command line.
CMAKE_EXPORT_COMPILE_COMMANDS:BOOL=TRUE

//Value Computed by CMake.
CMAKE_FIND_PACKAGE_REDIRECTS_DIR:STATIC=/mnt/e/My_personal/Projects/ongoing/Stock_Exchange_Engine/backend/build/CMakeFiles/pkgRedirects

//User executables (bin)
CMAKE_INSTALL_BINDIR:PATH=bin

//Read-only architecture-independent data (DATAROOTDIR)
CMAKE_INSTALL_DATADIR:PATH=

//Read-only architecture-independent data root (share)
CMAKE_INSTALL_DATAROOTDIR:PATH=share

//Documentation root (DATAROOTDIR/doc/PROJECT_NAME)
CMAKE_INSTALL_DOCDIR:PATH=

//C header files (include)
CMAKE_INSTALL_INCLUDEDIR:PATH=include

//Info documentation (DATAROOTDIR/info)
CMAKE_INSTALL_INFODIR:PATH=

//Object code libraries (lib)
CMAKE_INSTALL_LIBDIR:PATH=lib

//Program executables (libexec)
CMAKE_INSTALL_LIBEXECDIR:PATH=libexec

//Locale-dependent data (DATAROOTDIR/locale)
CMAKE_INSTALL_LOCALEDIR:PATH=

//Modifiable single-machine data (var)
CMAKE_INSTALL_LOCALSTATEDIR:PATH=var

//Man documentation (DATAROOTDIR/man)
CMAKE_INSTALL_MANDIR:PATH=

//C header files for non-gcc (/usr/include)
CMAKE_INSTALL_OLDINCLUDEDIR:PATH=/usr/include

//Install path prefix, prepended onto install directories.
CMAKE_INSTALL_PREFIX:PATH=/usr/local

//Run-time variable data (LOCALSTATEDIR/run)
CMAKE_INSTALL_RUNSTATEDIR:PATH=

//System admin executables (sbin)
CMAKE_INSTALL_SBINDIR:PATH=sbin

//Modifiable architecture-independent data (com)
CMAKE_INSTALL_SHAREDSTATEDIR:PATH=com

//Read-only single-machine data (etc)
CMAKE_INSTALL_SYSCONFDIR:PATH=etc

//Path to a program.
CMAKE_LINKER:FILEPATH=/usr/bin/ld

//Path to a program.
CMAKE_MAKE_PROGRAM:FILEPATH=/usr/bin/gmake

//Flags used by the linker during the creation of modules during
// all build types.
CMAKE_MODULE_LINKER_FLAGS:STRING=

//Flags used by the linker during the creation of modules during
// DEBUG builds.
CMAKE_MODULE_LINKER_FLAGS_DEBUG:STRING=

//Flags used by the linker during the creation of modules during
// MINSIZEREL builds.
CMAKE_MODULE_LINKER_FLAGS_MINSIZEREL:STRING=

//Flags used by the linker during the creation of modules during
// RELEASE builds.
CMAKE_MODULE_LINKER_FLAGS_RELEASE:STRING=

//Flags used by the linker during the creation of modules during
// RELWITHDEBINFO builds.
CMAKE_MODULE_LINKER_FLAGS_RELWITHDEBINFO:STRING=

//Path to a program.
CMAKE_NM:FILEPATH=/usr/bin/nm

//Path to a program.
CMAKE_OBJCOPY:FILEPATH=/usr/bin/objcopy

//Path to a program.
CMAKE_OBJDUMP:FILEPATH=/usr/bin/objdump

//Value Computed by CMake
CMAKE_PROJECT_DESCRIPTION:STATIC=

//Value Computed by CMake
CMAKE_PROJECT_HOMEPAGE_URL:STATIC=

//Value Computed by CMake
CMAKE_PROJECT_NAME:STATIC=Stock-Exchange-Engine

//Value Computed by CMake
CMAKE_PROJECT_VERSION:STATIC=1.1.1

//Value Computed by CMake
CMAKE_PROJECT_VERSION_MAJOR:STATIC=1

//Value Computed by CMake
CMAKE_PROJECT_VERSION_MINOR:STATIC=1

//Value Computed by CMake
CMAKE_PROJECT_VERSION_PATCH:STATIC=1

//Value Computed by CMake
CMAKE_PROJECT_VERSION_TWEAK:STATIC=

//Path to a program.
CMAKE_RANLIB:FILEPATH=/usr/bin/ranlib

//Path to a program.
CMAKE_READELF:FILEPATH=/usr/bin/readelf

//Flags used by the linker during the creation of shared libraries
// during all build types.
CMAKE_SHARED_LINKER_FLAGS:STRING=

//Flags used by the linker during the creation of shared libraries
// during DEBUG builds.
CMAKE_SHARED_LINKER_FLAGS_DEBUG:STRING=

//Flags used by the linker during the creation of shared libraries
// during MINSIZEREL builds.
CMAKE_SHARED_LINKER_FLAGS_MINSIZEREL:STRING=

//Flags used by the linker during the creation of shared libraries
// during RELEASE builds.
CMAKE_SHARED_LINKER_FLAGS_RELEASE:STRING=

//Flags used by the linker during the creation of shared libraries
// during RELWITHDEBINFO builds.
CMAKE_SHARED_LINKER_FLAGS_RELWITHDEBINFO:STRING=

//If set, runtime paths are not added when installing shared libraries,
// but are added when building.
CMAKE_SKIP_INSTALL_RPATH:BOOL=NO

//If set, runtime paths are not added when using shared libraries.
CMAKE_SKIP_RPATH:BOOL=NO

//Flags used by the linker during the creation of static libraries
// during all build types.
CMAKE_STATIC_LINKER_FLAGS:STRING=

//Flags used by the linker during the creation of static libraries
// during DEBUG builds.
CMAKE_STATIC_LINKER_FLAGS_DEBUG:STRING=

//Flags used by the linker during the creation of static libraries
// during MINSIZEREL builds.
CMAKE_STATIC_LINKER_FLAGS_MINSIZEREL:STRING=

//Flags used by the linker during the creation of static libraries
// during RELEASE builds.
CMAKE_STATIC_LINKER_FLAGS_RELEASE:STRING=

//Flags used by the linker during the creation of static libraries
// during RELWITHDEBINFO builds.
CMAKE_STATIC_LINKER_FLAGS_RELWITHDEBINFO:STRING=

//Path to a program.
CMAKE_STRIP:FILEPATH=/usr/bin/strip

//Path to a program.
CMAKE_TAPI:FILEPATH=CMAKE_TAPI-NOTFOUND

//If this value is on, makefiles will be generated without the
// .SILENT directive, and all commands will be echoed to the console
// during the make.  This is useful for debugging only. With Visual
// Studio IDE projects all commands are done without /nologo.
CMAKE_VERBOSE_MAKEFILE:BOOL=FALSE

//Enable to build RPM source packages
CPACK_SOURCE_RPM:BOOL=OFF

//Enable to build TBZ2 source packages
CPACK_SOURCE_TBZ2:BOOL=ON

//Enable to build TGZ source packages
CPACK_SOURCE_TGZ:BOOL=ON

//Enable to build TXZ source packages
CPACK_SOURCE_TXZ:BOOL=ON

//Enable to build TZ source packages
CPACK_SOURCE_TZ:BOOL=ON

//Enable to build ZIP source packages
CPACK_SOURCE_ZIP:BOOL=OFF

//Don't create a package lock file in the binary path
CPM_DONT_CREATE_PACKAGE_LOCK:BOOL=OFF

//Don't update the module path to allow using find_package
CPM_DONT_UPDATE_MODULE_PATH:BOOL=OFF

//Always download dependencies from source
CPM_DOWNLOAD_ALL:BOOL=OFF

//Add all packages added through CPM.cmake to the package lock
CPM_INCLUDE_ALL_IN_PACKAGE_LOCK:BOOL=OFF

//Only use `find_package` to get dependencies
CPM_LOCAL_PACKAGES_ONLY:BOOL=OFF

//Directory to download CPM dependencies
CPM_SOURCE_CACHE:PATH=OFF

//Always try to use `find_package` to get dependencies
CPM_USE_LOCAL_PACKAGES:BOOL=OFF

//Use additional directory of package name in cache on the most
// nested level.
CPM_USE_NAMED_CACHE_DIRECTORIES:BOOL=OFF

//Combine all headers into one
CROW_AMALGAMATE:BOOL=OFF

//Build the examples in the project
CROW_BUILD_EXAMPLES:BOOL=OFF

//Instrument and build Crow fuzzer
CROW_BUILD_FUZZER:BOOL=OFF

//Build the tests in the project
CROW_BUILD_TESTS:BOOL=OFF

//Enable Crow's Compression feature for supporting compressed http
// content
CROW_ENABLE_COMPRESSION:BOOL=OFF

//Enable Crow's SSL feature for supporting https
CROW_ENABLE_SSL:BOOL=OFF

//Generate SBOM file
CROW_GENERATE_SBOM:BOOL=OFF

//Add install step for Crow
CROW_INSTALL:BOOL=ON

//Returns HTTP status code OK (200) instead of 204 for OPTIONS
// request
CROW_RETURNS_OK_ON_HTTP_OPTIONS_REQUEST:BOOL=OFF

//Use Boost.Asio for Crow
CROW_USE_BOOST:BOOL=OFF

//Value Computed by CMake
Crow_BINARY_DIR:STATIC=/mnt/e/My_personal/Projects/ongoing/Stock_Exchange_Engine/backend/build/lib/crow

//Value Computed by CMake
Crow_IS_TOP_LEVEL:STATIC=OFF

//Value Computed by CMake
Crow_SOURCE_DIR:STATIC=/mnt/e/My_personal/Projects/ongoing/Stock_Exchange_Engine/backend/lib/crow

//Directory under which to collect all populated content
FETCHCONTENT_BASE_DIR:PATH=/mnt/e/My_personal/Projects/ongoing/Stock_Exchange_Engine/backend/build/_deps

//Disables all attempts to download or update content and assumes
// source dirs already exist
FETCHCONTENT_FULLY_DISCONNECTED:BOOL=OFF

//Enables QUIET option for all content population
FETCHCONTENT_QUIET:BOOL=ON

//Enables UPDATE_DISCONNECTED behavior for all content population
FETCHCONTENT_UPDATES_DISCONNECTED:BOOL=OFF

//Arguments to supply to pkg-config
PKG_CONFIG_ARGN:STRING=

//pkg-config executable
PKG_CONFIG_EXECUTABLE:FILEPATH=/usr/bin/pkg-config

//Value Computed by CMake
Stock-Exchange-Engine_BINARY_DIR:STATIC=/mnt/e/My_personal/Projects/ongoing/Stock_Exchange_Engine/backend/build

//Value Computed by CMake
Stock-Exchange-Engine_IS_TOP_LEVEL:STATIC=ON

//Value Computed by CMake
Stock-Exchange-Engine_SOURCE_DIR:STATIC=/mnt/e/My_personal/Projects/ongoing/Stock_Exchange_Engine/backend

//The directory containing a CMake configuration file for boost_atomic.
boost_atomic_DIR:PATH=/usr/lib/x86_64-linux-gnu/cmake/boost_atomic-1.83.0

//The directory containing a CMake configuration file for boost_headers.
boost_headers_DIR:PATH=/usr/lib/x86_64-linux-gnu/cmake/boost_headers-1.83.0

//The directory containing a CMake configuration file for boost_system.
boost_system_DIR:PATH=/usr/lib/x86_64-linux-gnu/cmake/boost_system-1.83.0

//The directory containing a CMake configuration file for boost_thread.
boost_thread_DIR:PATH=/usr/lib/x86_64-linux-gnu/cmake/boost_thread-1.83.0

//Path to a library.
pkgcfg_lib_HIREDIS_hiredis:FILEPATH=/usr/lib/x86_64-linux-gnu/libhiredis.so

//Path to a library.
pkgcfg_lib_LIBPQXX_pqxx:FILEPATH=/usr/lib/x86_64-linux-gnu/libpqxx.so


########################
# INTERNAL cache entries
########################

//ADVANCED property for variable: ASIO_INCLUDE_DIR
ASIO_INCLUDE_DIR-ADVANCED:INTERNAL=1
//ADVANCED property for variable: Boost_DIR
Boost_DIR-ADVANCED:INTERNAL=1
//ADVANCED property for variable: CMAKE_ADDR2LINE
CMAKE_ADDR2LINE-ADVANCED:INTERNAL=1
//ADVANCED property for variable: CMAKE_AR
CMAKE_AR-ADVANCED:INTERNAL=1
//This is the directory where this CMakeCache.txt was created
CMAKE_CACHEFILE_DIR:INTERNAL=/mnt/e/My_personal/Projects/ongoing/Stock_Exchange_Engine/backend/build
//Major version of cmake used to create the current loaded cache
CMAKE_CACHE_MAJOR_VERSION:INTERNAL=3
//Minor version of cmake used to create the current loaded cache
CMAKE_CACHE_MINOR_VERSION:INTERNAL=28
//Patch version of cmake used to create the current loaded cache
CMAKE_CACHE_PATCH_VERSION:INTERNAL=3
//ADVANCED property for variable: CMAKE_COLOR_MAKEFILE
CMAKE_COLOR_MAKEFILE-ADVANCED:INTERNAL=1
//Path to CMake executable.
CMAKE_COMMAND:INTERNAL=/usr/bin/cmake
//Path to cpack program executable.
CMAKE_CPACK_COMMAND:INTERNAL=/usr/bin/cpack
//Path to ctest program executable.
CMAKE_CTEST_COMMAND:INTERNAL=/usr/bin/ctest
//ADVANCED property for variable: CMAKE_CXX_COMPILER
CMAKE_CXX_COMPILER-ADVANCED:INTERNAL=1
//ADVANCED property for variable: CMAKE_CXX_COMPILER_AR
CMAKE_CXX_COMPILER_AR-ADVANCED:INTERNAL=1
//ADVANCED property for variable: CMAKE_CXX_COMPILER_RANLIB
CMAKE_CXX_COMPILER_RANLIB-ADVANCED:INTERNAL=1
//ADVANCED property for variable: CMAKE_CXX_FLAGS
CMAKE_CXX_FLAGS-ADVANCED:INTERNAL=1
//ADVANCED property for variable: CMAKE_CXX_FLAGS_DEBUG
CMAKE_CXX_FLAGS_DEBUG-ADVANCED:INTERNAL=1
//ADVANCED property for variable: CMAKE_CXX_FLAGS_MINSIZEREL
CMAKE_CXX_FLAGS_MINSIZEREL-ADVANCED:INTERNAL=1
//ADVANCED property for variable: CMAKE_CXX_FLAGS_RELEASE
CMAKE_CXX_FLAGS_RELEASE-ADVANCED:INTERNAL=1
//ADVANCED property for variable: CMAKE_CXX_FLAGS_RELWITHDEBINFO
CMAKE_CXX_FLAGS_RELWITHDEBINFO-ADVANCED:INTERNAL=1
//ADVANCED property for variable: CMAKE_C_COMPILER
CMAKE_C_COMPILER-ADVANCED:INTERNAL=1
//ADVANCED property for variable: CMAKE_C_COMPILER_AR
CMAKE_C_COMPILER_AR-ADVANCED:INTERNAL=1
//ADVANCED property for variable: CMAKE_C_COMPILER_RANLIB
CMAKE_C_COMPILER_RANLIB-ADVANCED:INTERNAL=1
//ADVANCED property for variable: CMAKE_C_FLAGS
CMAKE_C_FLAGS-ADVANCED:INTERNAL=1
//ADVANCED property for variable: CMAKE_C_FLAGS_DEBUG
CMAKE_C_FLAGS_DEBUG-ADVANCED:INTERNAL=1
//ADVANCED property for variable: CMAKE_C_FLAGS_MINSIZEREL
CMAKE_C_FLAGS_MINSIZEREL-ADVANCED:INTERNAL=1
//ADVANCED property for variable: CMAKE_C_FLAGS_RELEASE
CMAKE_C_FLAGS_RELEASE-ADVANCED:INTERNAL=1
//ADVANCED property for variable: CMAKE_C_FLAGS_RELWITHDEBINFO
CMAKE_C_FLAGS_RELWITHDEBINFO-ADVANCED:INTERNAL=1
//ADVANCED property for variable: CMAKE_DLLTOOL
CMAKE_DLLTOOL-ADVANCED:INTERNAL=1
//Executable file format
CMAKE_EXECUTABLE_FORMAT:INTERNAL=ELF
//ADVANCED property for variable: CMAKE_EXE_LINKER_FLAGS
CMAKE_EXE_LINKER_FLAGS-ADVANCED:INTERNAL=1
//ADVANCED property for variable: CMAKE_EXE_LINKER_FLAGS_DEBUG
CMAKE_EXE_LINKER_FLAGS_DEBUG-ADVANCED:INTERNAL=1
//ADVANCED property for variable: CMAKE_EXE_LINKER_FLAGS_MINSIZEREL
CMAKE_EXE_LINKER_FLAGS_MINSIZEREL-ADVANCED:INTERNAL=1
//ADVANCED property for variable: CMAKE_EXE_LINKER_FLAGS_RELEASE
CMAKE_EXE_LINKER_FLAGS_RELEASE-ADVANCED:INTERNAL=1
//ADVANCED property for variable: CMAKE_EXE_LINKER_FLAGS_RELWITHDEBINFO
CMAKE_EXE_LINKER_FLAGS_RELWITHDEBINFO-ADVANCED:INTERNAL=1
//Name of external makefile project generator.
CMAKE_EXTRA_GENERATOR:INTERNAL=
//Name of generator.
CMAKE_GENERATOR:INTERNAL=Unix Makefiles
//Generator instance identifier.
CMAKE_GENERATOR_INSTANCE:INTERNAL=
//Name of generator platform.
CMAKE_GENERATOR_PLATFORM:INTERNAL=
//Name of generator toolset.
CMAKE_GENERATOR_TOOLSET:INTERNAL=
//Test CMAKE_HAVE_LIBC_PTHREAD
CMAKE_HAVE_LIBC_PTHREAD:INTERNAL=1
//Source directory with the top level CMakeLists.txt file for this
// project
CMAKE_HOME_DIRECTORY:INTERNAL=/mnt/e/My_personal/Projects/ongoing/Stock_Exchange_Engine/backend
//ADVANCED property for variable: CMAKE_INSTALL_BINDIR
CMAKE_INSTALL_BINDIR-ADVANCED:INTERNAL=1
//ADVANCED property for variable: CMAKE_INSTALL_DATADIR
CMAKE_INSTALL_DATADIR-ADVANCED:INTERNAL=1
//ADVANCED property for variable: CMAKE_INSTALL_DATAROOTDIR
CMAKE_INSTALL_DATAROOTDIR-ADVANCED:INTERNAL=1
//ADVANCED property for variable: CMAKE_INSTALL_DOCDIR
CMAKE_INSTALL_DOCDIR-ADVANCED:INTERNAL=1
//ADVANCED property for variable: CMAKE_INSTALL_INCLUDEDIR
CMAKE_INSTALL_INCLUDEDIR-ADVANCED:INTERNAL=1
//ADVANCED property for variable: CMAKE_INSTALL_INFODIR
CMAKE_INSTALL_INFODIR-ADVANCED:INTERNAL=1
//ADVANCED property for variable: CMAKE_INSTALL_LIBDIR
CMAKE_INSTALL_LIBDIR-ADVANCED:INTERNAL=1
//ADVANCED property for variable: CMAKE_INSTALL_LIBEXECDIR
CMAKE_INSTALL_LIBEXECDIR-ADVANCED:INTERNAL=1
//ADVANCED property for variable: CMAKE_INSTALL_LOCALEDIR
CMAKE_INSTALL_LOCALEDIR-ADVANCED:INTERNAL=1
//ADVANCED property for variable: CMAKE_INSTALL_LOCALSTATEDIR
CMAKE_INSTALL_LOCALSTATEDIR-ADVANCED:INTERNAL=1
//ADVANCED property for variable: CMAKE_INSTALL_MANDIR
CMAKE_INSTALL_MANDIR-ADVANCED:INTERNAL=1
//ADVANCED property for variable: CMAKE_INSTALL_OLDINCLUDEDIR
CMAKE_INSTALL_OLDINCLUDEDIR-ADVANCED:INTERNAL=1
//ADVANCED property for variable: CMAKE_INSTALL_RUNSTATEDIR
CMAKE_INSTALL_RUNSTATEDIR-ADVANCED:INTERNAL=1
//ADVANCED property for variable: CMAKE_INSTALL_SBINDIR
CMAKE_INSTALL_SBINDIR-ADVANCED:INTERNAL=1
//ADVANCED property for variable: CMAKE_INSTALL_SHAREDSTATEDIR
CMAKE_INSTALL_SHAREDSTATEDIR-ADVANCED:INTERNAL=1
//Install .so files without execute permission.
CMAKE_INSTALL_SO_NO_EXE:INTERNAL=1
//ADVANCED property for variable: CMAKE_INSTALL_SYSCONFDIR
CMAKE_INSTALL_SYSCONFDIR-ADVANCED:INTERNAL=1
//ADVANCED property for variable: CMAKE_LINKER
CMAKE_LINKER-ADVANCED:INTERNAL=1
//ADVANCED property for variable: CMAKE_MAKE_PROGRAM
CMAKE_MAKE_PROGRAM-ADVANCED:INTERNAL=1
//ADVANCED property for variable: CMAKE_MODULE_LINKER_FLAGS
CMAKE_MODULE_LINKER_FLAGS-ADVANCED:INTERNAL=1
//ADVANCED property for variable: CMAKE_MODULE_LINKER_FLAGS_DEBUG
CMAKE_MODULE_LINKER_FLAGS_DEBUG-ADVANCED:INTERNAL=1
//ADVANCED property for variable: CMAKE_MODULE_LINKER_FLAGS_MINSIZEREL
CMAKE_MODULE_LINKER_FLAGS_MINSIZEREL-ADVANCED:INTERNAL=1
//ADVANCED property for variable: CMAKE_MODULE_LINKER_FLAGS_RELEASE
CMAKE_MODULE_LINKER_FLAGS_RELEASE-ADVANCED:INTERNAL=1
//ADVANCED property for variable: CMAKE_MODULE_LINKER_FLAGS_RELWITHDEBINFO
CMAKE_MODULE_LINKER_FLAGS_RELWITHDEBINFO-ADVANCED:INTERNAL=1
//ADVANCED property for variable: CMAKE_NM
CMAKE_NM-ADVANCED:INTERNAL=1
//number of local generators
CMAKE_NUMBER_OF_MAKEFILES:INTERNAL=2
//ADVANCED property for variable: CMAKE_OBJCOPY
CMAKE_OBJCOPY-ADVANCED:INTERNAL=1
//ADVANCED property for variable: CMAKE_OBJDUMP
CMAKE_OBJDUMP-ADVANCED:INTERNAL=1
//Platform information initialized
CMAKE_PLATFORM_INFO_INITIALIZED:INTERNAL=1
//ADVANCED property for variable: CMAKE_RANLIB
CMAKE_RANLIB-ADVANCED:INTERNAL=1
//ADVANCED property for variable: CMAKE_READELF
CMAKE_READELF-ADVANCED:INTERNAL=1
//Path to CMake installation.
CMAKE_ROOT:INTERNAL=/usr/share/cmake-3.28
//ADVANCED property for variable: CMAKE_SHARED_LINKER_FLAGS
CMAKE_SHARED_LINKER_FLAGS-ADVANCED:INTERNAL=1
//ADVANCED property for variable: CMAKE_SHARED_LINKER_FLAGS_DEBUG
CMAKE_SHARED_LINKER_FLAGS_DEBUG-ADVANCED:INTERNAL=1
//ADVANCED property for variable: CMAKE_SHARED_LINKER_FLAGS_MINSIZEREL
CMAKE_SHARED_LINKER_FLAGS_MINSIZEREL-ADVANCED:INTERNAL=1
//ADVANCED property for variable: CMAKE_SHARED_LINKER_FLAGS_RELEASE
CMAKE_SHARED_LINKER_FLAGS_RELEASE-ADVANCED:INTERNAL=1
//ADVANCED property for variable: CMAKE_SHARED_LINKER_FLAGS_RELWITHDEBINFO
CMAKE_SHARED_LINKER_FLAGS_RELWITHDEBINFO-ADVANCED:INTERNAL=1
//ADVANCED property for variable: CMAKE_SKIP_INSTALL_RPATH
CMAKE_SKIP_INSTALL_RPATH-ADVANCED:INTERNAL=1
//ADVANCED property for variable: CMAKE_SKIP_RPATH
CMAKE_SKIP_RPATH-ADVANCED:INTERNAL=1
//ADVANCED property for variable: CMAKE_STATIC_LINKER_FLAGS
CMAKE_STATIC_LINKER_FLAGS-ADVANCED:INTERNAL=1
//ADVANCED property for variable: CMAKE_STATIC_LINKER_FLAGS_DEBUG
CMAKE_STATIC_LINKER_FLAGS_DEBUG-ADVANCED:INTERNAL=1
//ADVANCED property for variable: CMAKE_STATIC_LINKER_FLAGS_MINSIZEREL
CMAKE_STATIC_LINKER_FLAGS_MINSIZEREL-ADVANCED:INTERNAL=1
//ADVANCED property for variable: CMAKE_STATIC_LINKER_FLAGS_RELEASE
CMAKE_STATIC_LINKER_FLAGS_RELEASE-ADVANCED:INTERNAL=1
//ADVANCED property for variable: CMAKE_STATIC_LINKER_FLAGS_RELWITHDEBINFO
CMAKE_STATIC_LINKER_FLAGS_RELWITHDEBINFO-ADVANCED:INTERNAL=1
//ADVANCED property for variable: CMAKE_STRIP
CMAKE_STRIP-ADVANCED:INTERNAL=1
//ADVANCED property for variable: CMAKE_TAPI
CMAKE_TAPI-ADVANCED:INTERNAL=1
//uname command
CMAKE_UNAME:INTERNAL=/usr/bin/uname
//ADVANCED property for variable: CMAKE_VERBOSE_MAKEFILE
CMAKE_VERBOSE_MAKEFILE-ADVANCED:INTERNAL=1
//ADVANCED property for variable: CPACK_SOURCE_RPM
CPACK_SOURCE_RPM-ADVANCED:INTERNAL=1
//ADVANCED property for variable: CPACK_SOURCE_TBZ2
CPACK_SOURCE_TBZ2-ADVANCED:INTERNAL=1
//ADVANCED property for variable: CPACK_SOURCE_TGZ
CPACK_SOURCE_TGZ-ADVANCED:INTERNAL=1
//ADVANCED property for variable: CPACK_SOURCE_TXZ
CPACK_SOURCE_TXZ-ADVANCED:INTERNAL=1
//ADVANCED property for variable: CPACK_SOURCE_TZ
CPACK_SOURCE_TZ-ADVANCED:INTERNAL=1
//ADVANCED property for variable: CPACK_SOURCE_ZIP
CPACK_SOURCE_ZIP-ADVANCED:INTERNAL=1
CPM_DIRECTORY:INTERNAL=/mnt/e/My_personal/Projects/ongoing/Stock_Exchange_Engine/backend/build/cmake
//Don't download or configure dependencies (for testing)
CPM_DRY_RUN:INTERNAL=OFF
CPM_FILE:INTERNAL=/mnt/e/My_personal/Projects/ongoing/Stock_Exchange_Engine/backend/build/cmake/CPM_0.40.2.cmake
CPM_INDENT:INTERNAL=CPM:
CPM_MODULE_PATH:INTERNAL=/mnt/e/My_personal/Projects/ongoing/Stock_Exchange_Engine/backend/build/CPM_modules
CPM_PACKAGES:INTERNAL=
CPM_PACKAGE_LOCK_FILE:INTERNAL=/mnt/e/My_personal/Projects/ongoing/Stock_Exchange_Engine/backend/build/cpm-package-lock.cmake
CPM_VERSION:INTERNAL=0.40.2
//Details about finding Boost
FIND_PACKAGE_MESSAGE_DETAILS_Boost:INTERNAL=[/usr/lib/x86_64-linux-gnu/cmake/Boost-1.83.0/BoostConfig.cmake][cfound components: system thread ][v1.83.0()]
//Details about finding PkgConfig
FIND_PACKAGE_MESSAGE_DETAILS_PkgConfig:INTERNAL=[/usr/bin/pkg-config][v1.8.1()]
//Details about finding Python3
FIND_PACKAGE_MESSAGE_DETAILS_Python3:INTERNAL=[/usr/bin/python3][cfound components: Interpreter ][v3.12.3()]
//Details about finding Threads
FIND_PACKAGE_MESSAGE_DETAILS_Threads:INTERNAL=[TRUE][v()]
//Details about finding asio
FIND_PACKAGE_MESSAGE_DETAILS_asio:INTERNAL=[/usr/include][v()]
HIREDIS_CFLAGS:INTERNAL=-I/usr/include/hiredis;-I/usr/include;-D_FILE_OFFSET_BITS=64
HIREDIS_CFLAGS_I:INTERNAL=
HIREDIS_CFLAGS_OTHER:INTERNAL=-D_FILE_OFFSET_BITS=64
HIREDIS_FOUND:INTERNAL=1
HIREDIS_INCLUDEDIR:INTERNAL=/usr/include
HIREDIS_INCLUDE_DIRS:INTERNAL=/usr/include/hiredis;/usr/include
HIREDIS_LDFLAGS:INTERNAL=-L/usr/lib;-lhiredis
HIREDIS_LDFLAGS_OTHER:INTERNAL=
HIREDIS_LIBDIR:INTERNAL=/usr/lib
HIREDIS_LIBRARIES:INTERNAL=hiredis
HIREDIS_LIBRARY_DIRS:INTERNAL=/usr/lib
HIREDIS_LIBS:INTERNAL=
HIREDIS_LIBS_L:INTERNAL=
HIREDIS_LIBS_OTHER:INTERNAL=
HIREDIS_LIBS_PATHS:INTERNAL=
HIREDIS_MODULE_NAME:INTERNAL=hiredis
HIREDIS_PREFIX:INTERNAL=/usr
HIREDIS_STATIC_CFLAGS:INTERNAL=-I/usr/include/hiredis;-I/usr/include;-D_FILE_OFFSET_BITS=64
HIREDIS_STATIC_CFLAGS_I:INTERNAL=
HIREDIS_STATIC_CFLAGS_OTHER:INTERNAL=-D_FILE_OFFSET_BITS=64
HIREDIS_STATIC_INCLUDE_DIRS:INTERNAL=/usr/include/hiredis;/usr/include
HIREDIS_STATIC_LDFLAGS:INTERNAL=-L/usr/lib;-lhiredis
HIREDIS_STATIC_LDFLAGS_OTHER:INTERNAL=
HIREDIS_STATIC_LIBDIR:INTERNAL=
HIREDIS_STATIC_LIBRARIES:INTERNAL=hiredis
HIREDIS_STATIC_LIBRARY_DIRS:INTERNAL=/usr/lib
HIREDIS_STATIC_LIBS:INTERNAL=
HIREDIS_STATIC_LIBS_L:INTERNAL=
HIREDIS_STATIC_LIBS_OTHER:INTERNAL=
HIREDIS_STATIC_LIBS_PATHS:INTERNAL=
HIREDIS_VERSION:INTERNAL=1.2.0
HIREDIS_hiredis_INCLUDEDIR:INTERNAL=
HIREDIS_hiredis_LIBDIR:INTERNAL=
HIREDIS_hiredis_PREFIX:INTERNAL=
HIREDIS_hiredis_VERSION:INTERNAL=
LIBPQXX_CFLAGS:INTERNAL=-I/usr/include
LIBPQXX_CFLAGS_I:INTERNAL=
LIBPQXX_CFLAGS_OTHER:INTERNAL=
LIBPQXX_FOUND:INTERNAL=1
LIBPQXX_INCLUDEDIR:INTERNAL=/usr/include
LIBPQXX_INCLUDE_DIRS:INTERNAL=/usr/include
LIBPQXX_LDFLAGS:INTERNAL=-L/usr/lib/x86_64-linux-gnu;-lpqxx
LIBPQXX_LDFLAGS_OTHER:INTERNAL=
LIBPQXX_LIBDIR:INTERNAL=/usr/lib/x86_64-linux-gnu
LIBPQXX_LIBRARIES:INTERNAL=pqxx
LIBPQXX_LIBRARY_DIRS:INTERNAL=/usr/lib/x86_64-linux-gnu
LIBPQXX_LIBS:INTERNAL=
LIBPQXX_LIBS_L:INTERNAL=
LIBPQXX_LIBS_OTHER:INTERNAL=
LIBPQXX_LIBS_PATHS:INTERNAL=
LIBPQXX_MODULE_NAME:INTERNAL=libpqxx
LIBPQXX_PREFIX:INTERNAL=/usr
LIBPQXX_STATIC_CFLAGS:INTERNAL=-I/usr/include
LIBPQXX_STATIC_CFLAGS_I:INTERNAL=
LIBPQXX_STATIC_CFLAGS_OTHER:INTERNAL=
LIBPQXX_STATIC_INCLUDE_DIRS:INTERNAL=/usr/include
LIBPQXX_STATIC_LDFLAGS:INTERNAL=-L/usr/lib/x86_64-linux-gnu;-lpqxx
LIBPQXX_STATIC_LDFLAGS_OTHER:INTERNAL=
LIBPQXX_STATIC_LIBDIR:INTERNAL=
LIBPQXX_STATIC_LIBRARIES:INTERNAL=pqxx
LIBPQXX_STATIC_LIBRARY_DIRS:INTERNAL=/usr/lib/x86_64-linux-gnu
LIBPQXX_STATIC_LIBS:INTERNAL=
LIBPQXX_STATIC_LIBS_L:INTERNAL=
LIBPQXX_STATIC_LIBS_OTHER:INTERNAL=
LIBPQXX_STATIC_LIBS_PATHS:INTERNAL=
LIBPQXX_VERSION:INTERNAL=7.8.1
LIBPQXX_libpqxx_INCLUDEDIR:INTERNAL=
LIBPQXX_libpqxx_LIBDIR:INTERNAL=
LIBPQXX_libpqxx_PREFIX:INTERNAL=
LIBPQXX_libpqxx_VERSION:INTERNAL=
//ADVANCED property for variable: PKG_CONFIG_ARGN
PKG_CONFIG_ARGN-ADVANCED:INTERNAL=1
//ADVANCED property for variable: PKG_CONFIG_EXECUTABLE
PKG_CONFIG_EXECUTABLE-ADVANCED:INTERNAL=1
//linker supports push/pop state
_CMAKE_LINKER_PUSHPOP_STATE_SUPPORTED:INTERNAL=TRUE
//CMAKE_INSTALL_PREFIX during last run
_GNUInstallDirs_LAST_CMAKE_INSTALL_PREFIX:INTERNAL=/usr/local
//Compiler reason failure
_Python3_Compiler_REASON_FAILURE:INTERNAL=
//Development reason failure
_Python3_Development_REASON_FAILURE:INTERNAL=
_Python3_EXECUTABLE:INTERNAL=/usr/bin/python3
//Python3 Properties
_Python3_INTERPRETER_PROPERTIES:INTERNAL=Python;3;12;3;64;32;;cpython-312-x86_64-linux-gnu;abi3;/usr/lib/python3.12;/usr/lib/python3.12;/usr/local/lib/python3.12/dist-packages;/usr/local/lib/python3.12/dist-packages
_Python3_INTERPRETER_SIGNATURE:INTERNAL=4c8bfa8951e99fa32e4000a94f8c04a2
//NumPy reason failure
_Python3_NumPy_REASON_FAILURE:INTERNAL=
__pkg_config_checked_HIREDIS:INTERNAL=1
__pkg_config_checked_LIBPQXX:INTERNAL=1
//ADVANCED property for variable: boost_atomic_DIR
boost_atomic_DIR-ADVANCED:INTERNAL=1
//ADVANCED property for variable: boost_headers_DIR
boost_headers_DIR-ADVANCED:INTERNAL=1
//ADVANCED property for variable: boost_system_DIR
boost_system_DIR-ADVANCED:INTERNAL=1
//ADVANCED property for variable: boost_thread_DIR
boost_thread_DIR-ADVANCED:INTERNAL=1
//ADVANCED property for variable: pkgcfg_lib_HIREDIS_hiredis
pkgcfg_lib_HIREDIS_hiredis-ADVANCED:INTERNAL=1
//ADVANCED property for variable: pkgcfg_lib_LIBPQXX_pqxx
pkgcfg_lib_LIBPQXX_pqxx-ADVANCED:INTERNAL=1
prefix_result:INTERNAL=/usr/lib/x86_64-linux-gnu

